<?xml version="1.0" encoding="UTF-8"?>
<testsuites name="Usecase1" time="25.178" tests="2" failures="0" errors="0">
   <testsuite name="Usecase1" tests="2" failures="0" errors="0" time="25.178" timestamp="2020-06-11 15:39:03" hostname="WIN10 - DESKTOP-0NVCT6K" id="Test Suites/Usecase1">
      <properties>
         <property name="deviceName" value=""/>
         <property name="devicePlatform" value=""/>
         <property name="logFolder" value="C:\\Users\\WIN10\\git\\DBDtest-script\\Reports\\20200611_153901\\Usecase1\\20200611_153901"/>
         <property name="logFiles" value="C:\\Users\\WIN10\\git\\DBDtest-script\\Reports\\20200611_153901\\Usecase1\\20200611_153901\\execution0.log"/>
         <property name="attachments" value=""/>
         <property name="hostName" value="WIN10 - DESKTOP-0NVCT6K"/>
         <property name="os" value="Windows 10 64bit"/>
         <property name="katalonVersion" value="7.5.2.1"/>
         <property name="browser" value="Chrome 83.0.4103.97"/>
         <property name="hostAddress" value="192.168.1.2"/>
         <property name="sessionId" value="d64cf963770b3d4a4d77c9196da7cf6d"/>
         <property name="seleniumVersion" value="3.141.59"/>
         <property name="proxyInformation" value="ProxyInformation { proxyOption=NO_PROXY, proxyServerType=HTTP, username=, password=********, proxyServerAddress=, proxyServerPort=0, executionList=\&quot;\&quot;, isApplyToDesiredCapabilities=true }"/>
         <property name="platform" value="Windows 10"/>
      </properties>
      <testcase name="Test Cases/Test Case1" time="10.609" classname="Test Cases/Test Case1" status="PASSED">
         <system-out><![CDATA[2020-06-11 15:39:03 - [TEST_CASE][PASSED] - Test Cases/Test Case1: Test Cases/Test Case1

2020-06-11 15:39:03 - [TEST_STEP][PASSED] - openBrowser("http://rthv1.opencloud.digital/index.php"): Browser is opened with url: 'http://rthv1.opencloud.digital/index.php'

2020-06-11 15:39:04 - [MESSAGE][INFO] - Starting 'Chrome' driver

2020-06-11 15:39:04 - [MESSAGE][INFO] - Action delay is set to 0 milliseconds

2020-06-11 15:39:09 - [MESSAGE][PASSED] - Browser is opened with url: 'http://rthv1.opencloud.digital/index.php'

2020-06-11 15:39:09 - [TEST_STEP][PASSED] - setText(findTestObject("1/Page_Users/Username"), findTestData("D1").getValue(1, 1)): Text 'admin' is set on object 'Object Repository/1/Page_Users/Username'

2020-06-11 15:39:11 - [MESSAGE][PASSED] - Text 'admin' is set on object 'Object Repository/1/Page_Users/Username'

2020-06-11 15:39:11 - [TEST_STEP][PASSED] - setText(findTestObject("1/Page_Users/Password"), findTestData("D1").getValue(2, 1)): Text '1qaz2WSX3edc ' is set on object 'Object Repository/1/Page_Users/Password'

2020-06-11 15:39:11 - [MESSAGE][PASSED] - Text '1qaz2WSX3edc ' is set on object 'Object Repository/1/Page_Users/Password'

2020-06-11 15:39:11 - [TEST_STEP][PASSED] - click(findTestObject("1/Page_Users/Sign in")): Object: 'Object Repository/1/Page_Users/Sign in' is clicked on

2020-06-11 15:39:14 - [MESSAGE][PASSED] - Object: 'Object Repository/1/Page_Users/Sign in' is clicked on]]></system-out>
         <system-err><![CDATA[]]></system-err>
      </testcase>
      <testcase name="Test Cases/Test Case2" time="13.674" classname="Test Cases/Test Case2" status="PASSED">
         <system-out><![CDATA[2020-06-11 15:39:14 - [TEST_CASE][PASSED] - Test Cases/Test Case2: Test Cases/Test Case2

2020-06-11 15:39:14 - [TEST_STEP][PASSED] - click(findTestObject("Page_Home/DBD Companies")): Object: 'Object Repository/Page_Home/DBD Companies' is clicked on

2020-06-11 15:39:20 - [MESSAGE][PASSED] - Object: 'Object Repository/Page_Home/DBD Companies' is clicked on

2020-06-11 15:39:20 - [TEST_STEP][PASSED] - click(findTestObject("Page_DBDCompanies/Add DBDCompany")): Object: 'Object Repository/Page_DBDCompanies/Add DBDCompany' is clicked on

2020-06-11 15:39:21 - [MESSAGE][PASSED] - Object: 'Object Repository/Page_DBDCompanies/Add DBDCompany' is clicked on

2020-06-11 15:39:21 - [TEST_STEP][PASSED] - setText(findTestObject("Page_DBDCompanies/Registration Number"), findTestData("D2").getValue(1, 1)): Text '2111400' is set on object 'Object Repository/Page_DBDCompanies/Registration Number'

2020-06-11 15:39:22 - [MESSAGE][PASSED] - Text '2111400' is set on object 'Object Repository/Page_DBDCompanies/Registration Number'

2020-06-11 15:39:22 - [TEST_STEP][PASSED] - setText(findTestObject("Page_DBDCompanies/Company Name"), findTestData("D2").getValue(2, 1)): Text 'Sunjido Co. Ltd.' is set on object 'Object Repository/Page_DBDCompanies/Company Name'

2020-06-11 15:39:23 - [MESSAGE][PASSED] - Text 'Sunjido Co. Ltd.' is set on object 'Object Repository/Page_DBDCompanies/Company Name'

2020-06-11 15:39:23 - [TEST_STEP][PASSED] - setText(findTestObject("Page_DBDCompanies/Registration Date"), findTestData("D2").getValue(3, 1)): Text '01/01/2020' is set on object 'Object Repository/Page_DBDCompanies/Registration Date'

2020-06-11 15:39:23 - [MESSAGE][PASSED] - Text '01/01/2020' is set on object 'Object Repository/Page_DBDCompanies/Registration Date'

2020-06-11 15:39:23 - [TEST_STEP][PASSED] - click(findTestObject("Page_DBDCompanies/Created By1")): Object: 'Object Repository/Page_DBDCompanies/Created By1' is clicked on

2020-06-11 15:39:24 - [MESSAGE][PASSED] - Object: 'Object Repository/Page_DBDCompanies/Created By1' is clicked on

2020-06-11 15:39:24 - [TEST_STEP][PASSED] - click(findTestObject("Page_DBDCompanies/Created By1")): Object: 'Object Repository/Page_DBDCompanies/Created By1' is clicked on

2020-06-11 15:39:24 - [MESSAGE][PASSED] - Object: 'Object Repository/Page_DBDCompanies/Created By1' is clicked on

2020-06-11 15:39:24 - [TEST_STEP][PASSED] - setText(findTestObject("Page_DBDCompanies/input"), findTestData("D2").getValue(4, 1)): Text 'PIS System' is set on object 'Object Repository/Page_DBDCompanies/input'

2020-06-11 15:39:25 - [MESSAGE][PASSED] - Text 'PIS System' is set on object 'Object Repository/Page_DBDCompanies/input'

2020-06-11 15:39:25 - [TEST_STEP][PASSED] - sendKeys(findTestObject("Page_DBDCompanies/input"), Keys.chord(ENTER)): Keys 'ENTER + ' sent to object: 'Object Repository/Page_DBDCompanies/input'

2020-06-11 15:39:26 - [MESSAGE][PASSED] - Keys 'ENTER + ' sent to object: 'Object Repository/Page_DBDCompanies/input'

2020-06-11 15:39:26 - [TEST_STEP][PASSED] - click(findTestObject("Page_DBDCompanies/button_Save")): Object: 'Object Repository/Page_DBDCompanies/button_Save' is clicked on

2020-06-11 15:39:27 - [MESSAGE][PASSED] - Object: 'Object Repository/Page_DBDCompanies/button_Save' is clicked on]]></system-out>
         <system-err><![CDATA[]]></system-err>
      </testcase>
      <system-out><![CDATA[2020-06-11 15:39:03 - [TEST_SUITE][PASSED] - Usecase1: Test Cases/Test Case2]]></system-out>
      <system-err><![CDATA[]]></system-err>
   </testsuite>
</testsuites>
