<?xml version="1.0" encoding="UTF-8"?>
<testsuites name="Usecase2" time="8.805" tests="2" failures="0" errors="0">
   <testsuite name="Usecase2" tests="2" failures="0" errors="0" time="8.805" timestamp="2020-06-15 13:54:56" hostname="WIN10 - DESKTOP-0NVCT6K" id="Test Suites/Usecase2">
      <properties>
         <property name="deviceName" value=""/>
         <property name="devicePlatform" value=""/>
         <property name="logFolder" value="C:\\Users\\WIN10\\git\\DBDtest-script\\Reports\\20200615_135454\\Usecase2\\20200615_135454"/>
         <property name="logFiles" value="C:\\Users\\WIN10\\git\\DBDtest-script\\Reports\\20200615_135454\\Usecase2\\20200615_135454\\execution0.log"/>
         <property name="attachments" value=""/>
         <property name="hostName" value="WIN10 - DESKTOP-0NVCT6K"/>
         <property name="os" value="Windows 10 64bit"/>
         <property name="katalonVersion" value="7.5.2.1"/>
         <property name="browser" value="Chrome 83.0.4103.97"/>
         <property name="hostAddress" value="192.168.1.2"/>
         <property name="sessionId" value="2f0975ab34c22271b654d8fbe5065716"/>
         <property name="seleniumVersion" value="3.141.59"/>
         <property name="proxyInformation" value="ProxyInformation { proxyOption=NO_PROXY, proxyServerType=HTTP, username=, password=********, proxyServerAddress=, proxyServerPort=0, executionList=\&quot;\&quot;, isApplyToDesiredCapabilities=true }"/>
         <property name="platform" value="Windows 10"/>
      </properties>
      <testcase name="Test Cases/Test Case1" time="7.825" classname="Test Cases/Test Case1" status="PASSED">
         <system-out><![CDATA[2020-06-15 13:54:56 - [TEST_CASE][PASSED] - Test Cases/Test Case1: Test Cases/Test Case1

2020-06-15 13:54:56 - [TEST_STEP][PASSED] - openBrowser("http://crmc.opencloud.digital:64216/index.php"): Browser is opened with url: 'http://crmc.opencloud.digital:64216/index.php'

2020-06-15 13:54:57 - [MESSAGE][INFO] - Starting 'Chrome' driver

2020-06-15 13:54:57 - [MESSAGE][INFO] - Action delay is set to 0 milliseconds

2020-06-15 13:55:01 - [MESSAGE][PASSED] - Browser is opened with url: 'http://crmc.opencloud.digital:64216/index.php'

2020-06-15 13:55:01 - [TEST_STEP][PASSED] - setText(findTestObject("1/Page_Users/Username"), findTestData("D1").getValue(1, 1)): Text 'admin' is set on object 'Object Repository/1/Page_Users/Username'

2020-06-15 13:55:02 - [MESSAGE][PASSED] - Text 'admin' is set on object 'Object Repository/1/Page_Users/Username'

2020-06-15 13:55:02 - [TEST_STEP][PASSED] - setText(findTestObject("1/Page_Users/Password"), findTestData("D1").getValue(2, 1)): Text '1qaz2WSX3edc ' is set on object 'Object Repository/1/Page_Users/Password'

2020-06-15 13:55:02 - [MESSAGE][PASSED] - Text '1qaz2WSX3edc ' is set on object 'Object Repository/1/Page_Users/Password'

2020-06-15 13:55:02 - [TEST_STEP][PASSED] - click(findTestObject("1/Page_Users/Sign in")): Object: 'Object Repository/1/Page_Users/Sign in' is clicked on

2020-06-15 13:55:04 - [MESSAGE][PASSED] - Object: 'Object Repository/1/Page_Users/Sign in' is clicked on]]></system-out>
         <system-err><![CDATA[]]></system-err>
      </testcase>
      <testcase name="Test Cases/Test Case5" time="0.159" classname="Test Cases/Test Case5" status="PASSED">
         <system-out><![CDATA[2020-06-15 13:55:04 - [TEST_CASE][PASSED] - Test Cases/Test Case5: Test Cases/Test Case5

2020-06-15 13:55:04 - [TEST_STEP][PASSED] - return null: null]]></system-out>
         <system-err><![CDATA[]]></system-err>
      </testcase>
      <system-out><![CDATA[2020-06-15 13:54:56 - [TEST_SUITE][PASSED] - Usecase2: Test Cases/Test Case5]]></system-out>
      <system-err><![CDATA[]]></system-err>
   </testsuite>
</testsuites>
