<?xml version="1.0" encoding="UTF-8"?>
<testsuites name="Usecase3" time="50.217" tests="4" failures="0" errors="0">
   <testsuite name="Usecase3" tests="4" failures="0" errors="0" time="50.217" timestamp="2020-06-15 13:57:02" hostname="WIN10 - DESKTOP-0NVCT6K" id="Test Suites/Usecase3">
      <properties>
         <property name="deviceName" value=""/>
         <property name="devicePlatform" value=""/>
         <property name="logFolder" value="C:\\Users\\WIN10\\git\\DBDtest-script\\Reports\\20200615_135701\\Usecase3\\20200615_135701"/>
         <property name="logFiles" value="C:\\Users\\WIN10\\git\\DBDtest-script\\Reports\\20200615_135701\\Usecase3\\20200615_135701\\execution0.log"/>
         <property name="attachments" value=""/>
         <property name="hostName" value="WIN10 - DESKTOP-0NVCT6K"/>
         <property name="os" value="Windows 10 64bit"/>
         <property name="katalonVersion" value="7.5.2.1"/>
         <property name="browser" value="Chrome 83.0.4103.97"/>
         <property name="hostAddress" value="192.168.1.2"/>
         <property name="sessionId" value="bf337759f032e036ea371c636beb2067"/>
         <property name="seleniumVersion" value="3.141.59"/>
         <property name="proxyInformation" value="ProxyInformation { proxyOption=NO_PROXY, proxyServerType=HTTP, username=, password=********, proxyServerAddress=, proxyServerPort=0, executionList=\&quot;\&quot;, isApplyToDesiredCapabilities=true }"/>
         <property name="platform" value="Windows 10"/>
      </properties>
      <testcase name="Test Cases/Test Case1" time="7.973" classname="Test Cases/Test Case1" status="PASSED">
         <system-out><![CDATA[2020-06-15 13:57:02 - [TEST_CASE][PASSED] - Test Cases/Test Case1: Test Cases/Test Case1

2020-06-15 13:57:03 - [TEST_STEP][PASSED] - openBrowser("http://crmc.opencloud.digital:64216/index.php"): Browser is opened with url: 'http://crmc.opencloud.digital:64216/index.php'

2020-06-15 13:57:03 - [MESSAGE][INFO] - Starting 'Chrome' driver

2020-06-15 13:57:03 - [MESSAGE][INFO] - Action delay is set to 0 milliseconds

2020-06-15 13:57:07 - [MESSAGE][PASSED] - Browser is opened with url: 'http://crmc.opencloud.digital:64216/index.php'

2020-06-15 13:57:07 - [TEST_STEP][PASSED] - setText(findTestObject("1/Page_Users/Username"), findTestData("D1").getValue(1, 1)): Text 'admin' is set on object 'Object Repository/1/Page_Users/Username'

2020-06-15 13:57:08 - [MESSAGE][PASSED] - Text 'admin' is set on object 'Object Repository/1/Page_Users/Username'

2020-06-15 13:57:08 - [TEST_STEP][PASSED] - setText(findTestObject("1/Page_Users/Password"), findTestData("D1").getValue(2, 1)): Text '1qaz2WSX3edc ' is set on object 'Object Repository/1/Page_Users/Password'

2020-06-15 13:57:08 - [MESSAGE][PASSED] - Text '1qaz2WSX3edc ' is set on object 'Object Repository/1/Page_Users/Password'

2020-06-15 13:57:08 - [TEST_STEP][PASSED] - click(findTestObject("1/Page_Users/Sign in")): Object: 'Object Repository/1/Page_Users/Sign in' is clicked on

2020-06-15 13:57:10 - [MESSAGE][PASSED] - Object: 'Object Repository/1/Page_Users/Sign in' is clicked on]]></system-out>
         <system-err><![CDATA[]]></system-err>
      </testcase>
      <testcase name="Test Cases/Test Case4" time="8.546" classname="Test Cases/Test Case4" status="PASSED">
         <system-out><![CDATA[2020-06-15 13:57:10 - [TEST_CASE][PASSED] - Test Cases/Test Case4: Test Cases/Test Case4

2020-06-15 13:57:10 - [TEST_STEP][PASSED] - click(findTestObject("Page_Home/DBD Companies")): Object: 'Object Repository/Page_Home/DBD Companies' is clicked on

2020-06-15 13:57:14 - [MESSAGE][PASSED] - Object: 'Object Repository/Page_Home/DBD Companies' is clicked on

2020-06-15 13:57:14 - [TEST_STEP][PASSED] - click(findTestObject("Page_DBDCompanies/Add DBDCompany")): Object: 'Object Repository/Page_DBDCompanies/Add DBDCompany' is clicked on

2020-06-15 13:57:15 - [MESSAGE][PASSED] - Object: 'Object Repository/Page_DBDCompanies/Add DBDCompany' is clicked on

2020-06-15 13:57:15 - [TEST_STEP][PASSED] - delay(1): Delayed 1 second(s)

2020-06-15 13:57:16 - [MESSAGE][PASSED] - Delayed 1 second(s)

2020-06-15 13:57:16 - [TEST_STEP][PASSED] - click(findTestObject("Page_DBDCompanies/button_Save")): Object: 'Object Repository/Page_DBDCompanies/button_Save' is clicked on

2020-06-15 13:57:17 - [MESSAGE][PASSED] - Object: 'Object Repository/Page_DBDCompanies/button_Save' is clicked on

2020-06-15 13:57:17 - [TEST_STEP][PASSED] - delay(2): Delayed 2 second(s)

2020-06-15 13:57:19 - [MESSAGE][PASSED] - Delayed 2 second(s)]]></system-out>
         <system-err><![CDATA[]]></system-err>
      </testcase>
      <testcase name="Test Cases/Test Case3" time="7.283" classname="Test Cases/Test Case3" status="PASSED">
         <system-out><![CDATA[2020-06-15 13:57:19 - [TEST_CASE][PASSED] - Test Cases/Test Case3: Test Cases/Test Case3

2020-06-15 13:57:19 - [TEST_STEP][PASSED] - setText(findTestObject("Page_DBDCompanies/Company Name"), ""): Text '' is set on object 'Object Repository/Page_DBDCompanies/Company Name'

2020-06-15 13:57:19 - [MESSAGE][PASSED] - Text '' is set on object 'Object Repository/Page_DBDCompanies/Company Name'

2020-06-15 13:57:19 - [TEST_STEP][PASSED] - setText(findTestObject("Page_DBDCompanies/Registration Date"), "a"): Text 'a' is set on object 'Object Repository/Page_DBDCompanies/Registration Date'

2020-06-15 13:57:20 - [MESSAGE][PASSED] - Text 'a' is set on object 'Object Repository/Page_DBDCompanies/Registration Date'

2020-06-15 13:57:20 - [TEST_STEP][PASSED] - click(findTestObject("Page_DBDCompanies/Page_DBDCompanies/Page_DBDCompanies/div_Records ListRecently ModifiedLoading Widget"), STOP_ON_FAILURE): Object: 'Object Repository/Page_DBDCompanies/Page_DBDCompanies/Page_DBDCompanies/div_Records ListRecently ModifiedLoading Widget' is clicked on

2020-06-15 13:57:21 - [MESSAGE][PASSED] - Object: 'Object Repository/Page_DBDCompanies/Page_DBDCompanies/Page_DBDCompanies/div_Records ListRecently ModifiedLoading Widget' is clicked on

2020-06-15 13:57:21 - [TEST_STEP][PASSED] - click(findTestObject("Page_DBDCompanies/button_Save")): Object: 'Object Repository/Page_DBDCompanies/button_Save' is clicked on

2020-06-15 13:57:22 - [MESSAGE][PASSED] - Object: 'Object Repository/Page_DBDCompanies/button_Save' is clicked on

2020-06-15 13:57:22 - [TEST_STEP][PASSED] - delay(2): Delayed 2 second(s)

2020-06-15 13:57:24 - [MESSAGE][PASSED] - Delayed 2 second(s)

2020-06-15 13:57:24 - [TEST_STEP][PASSED] - setText(findTestObject("Page_DBDCompanies/Company Name"), findTestData("D2").getValue(2, 1)): Text 'Sunjido Co. Ltd.' is set on object 'Object Repository/Page_DBDCompanies/Company Name'

2020-06-15 13:57:25 - [MESSAGE][PASSED] - Text 'Sunjido Co. Ltd.' is set on object 'Object Repository/Page_DBDCompanies/Company Name'

2020-06-15 13:57:25 - [TEST_STEP][PASSED] - setText(findTestObject("Page_DBDCompanies/Registration Date"), findTestData("D3").getValue(2, 1)): Text '01/01/2020' is set on object 'Object Repository/Page_DBDCompanies/Registration Date'

2020-06-15 13:57:26 - [MESSAGE][PASSED] - Text '01/01/2020' is set on object 'Object Repository/Page_DBDCompanies/Registration Date'

2020-06-15 13:57:26 - [TEST_STEP][PASSED] - click(findTestObject("Page_DBDCompanies/button_Save")): Object: 'Object Repository/Page_DBDCompanies/button_Save' is clicked on

2020-06-15 13:57:26 - [MESSAGE][PASSED] - Object: 'Object Repository/Page_DBDCompanies/button_Save' is clicked on]]></system-out>
         <system-err><![CDATA[]]></system-err>
      </testcase>
      <testcase name="Test Cases/Test Case7" time="25.501" classname="Test Cases/Test Case7" status="PASSED">
         <system-out><![CDATA[2020-06-15 13:57:26 - [TEST_CASE][PASSED] - Test Cases/Test Case7: Test Cases/Test Case7

2020-06-15 13:57:26 - [TEST_STEP][PASSED] - click(findTestObject("Page_Home/DBD Companies")): Object: 'Object Repository/Page_Home/DBD Companies' is clicked on

2020-06-15 13:57:27 - [MESSAGE][PASSED] - Object: 'Object Repository/Page_Home/DBD Companies' is clicked on

2020-06-15 13:57:27 - [TEST_STEP][PASSED] - click(findTestObject("Page_DBDCompanies/button_Request New Account Not in DBD")): Object: 'Object Repository/Page_DBDCompanies/button_Request New Account Not in DBD' is clicked on

2020-06-15 13:57:29 - [MESSAGE][PASSED] - Object: 'Object Repository/Page_DBDCompanies/button_Request New Account Not in DBD' is clicked on

2020-06-15 13:57:29 - [TEST_STEP][PASSED] - click(findTestObject("Not in DBD/Page_Accounts/button_Save")): Object: 'Object Repository/Not in DBD/Page_Accounts/button_Save' is clicked on

2020-06-15 13:57:29 - [MESSAGE][PASSED] - Object: 'Object Repository/Not in DBD/Page_Accounts/button_Save' is clicked on

2020-06-15 13:57:29 - [TEST_STEP][PASSED] - delay(2): Delayed 2 second(s)

2020-06-15 13:57:31 - [MESSAGE][PASSED] - Delayed 2 second(s)

2020-06-15 13:57:31 - [TEST_STEP][PASSED] - delay(1): Delayed 1 second(s)

2020-06-15 13:57:32 - [MESSAGE][PASSED] - Delayed 1 second(s)

2020-06-15 13:57:32 - [TEST_STEP][PASSED] - setText(findTestObject("Not in DBD/Page_Accounts/input__accountname"), findTestData("D4").getValue(1, 1)): Text 'ภูมิพัจน์' is set on object 'Object Repository/Not in DBD/Page_Accounts/input__accountname'

2020-06-15 13:57:33 - [MESSAGE][PASSED] - Text 'ภูมิพัจน์' is set on object 'Object Repository/Not in DBD/Page_Accounts/input__accountname'

2020-06-15 13:57:33 - [TEST_STEP][PASSED] - setText(findTestObject("Not in DBD/Page_Accounts/accountnameENG"), findTestData("D4").getValue(2, 1)): Text 'pumipat' is set on object 'Object Repository/Not in DBD/Page_Accounts/accountnameENG'

2020-06-15 13:57:34 - [MESSAGE][PASSED] - Text 'pumipat' is set on object 'Object Repository/Not in DBD/Page_Accounts/accountnameENG'

2020-06-15 13:57:34 - [TEST_STEP][PASSED] - click(findTestObject("Not in DBD/Page_Accounts/h3_Request New Account - Not in DBD")): Object: 'Object Repository/Not in DBD/Page_Accounts/h3_Request New Account - Not in DBD' is clicked on

2020-06-15 13:57:34 - [MESSAGE][PASSED] - Object: 'Object Repository/Not in DBD/Page_Accounts/h3_Request New Account - Not in DBD' is clicked on

2020-06-15 13:57:34 - [TEST_STEP][PASSED] - click(findTestObject("Not in DBD/Page_Accounts/New Select/Customer SegmentN")): Object: 'Object Repository/Not in DBD/Page_Accounts/New Select/Customer SegmentN' is clicked on

2020-06-15 13:57:35 - [MESSAGE][PASSED] - Object: 'Object Repository/Not in DBD/Page_Accounts/New Select/Customer SegmentN' is clicked on

2020-06-15 13:57:35 - [TEST_STEP][PASSED] - setText(findTestObject("Not in DBD/Page_Accounts/input Customer Segment"), findTestData("D4").getValue(3, 1)): Text 'SME' is set on object 'Object Repository/Not in DBD/Page_Accounts/input Customer Segment'

2020-06-15 13:57:36 - [MESSAGE][PASSED] - Text 'SME' is set on object 'Object Repository/Not in DBD/Page_Accounts/input Customer Segment'

2020-06-15 13:57:36 - [TEST_STEP][PASSED] - sendKeys(findTestObject("Not in DBD/Page_Accounts/input Customer Segment"), Keys.chord(ENTER)): Keys 'ENTER + ' sent to object: 'Object Repository/Not in DBD/Page_Accounts/input Customer Segment'

2020-06-15 13:57:36 - [MESSAGE][PASSED] - Keys 'ENTER + ' sent to object: 'Object Repository/Not in DBD/Page_Accounts/input Customer Segment'

2020-06-15 13:57:36 - [TEST_STEP][PASSED] - click(findTestObject("Not in DBD/Page_Accounts/New Select/Company levelN")): Object: 'Object Repository/Not in DBD/Page_Accounts/New Select/Company levelN' is clicked on

2020-06-15 13:57:37 - [MESSAGE][PASSED] - Object: 'Object Repository/Not in DBD/Page_Accounts/New Select/Company levelN' is clicked on

2020-06-15 13:57:37 - [TEST_STEP][PASSED] - setText(findTestObject("Not in DBD/Page_Accounts/New Select/input Company level 1"), findTestData("D4").getValue(4, 1)): Text 'Head Office' is set on object 'Object Repository/Not in DBD/Page_Accounts/New Select/input Company level 1'

2020-06-15 13:57:38 - [MESSAGE][PASSED] - Text 'Head Office' is set on object 'Object Repository/Not in DBD/Page_Accounts/New Select/input Company level 1'

2020-06-15 13:57:38 - [TEST_STEP][PASSED] - sendKeys(findTestObject("Not in DBD/Page_Accounts/New Select/input Company level 1"), Keys.chord(ENTER)): Keys 'ENTER + ' sent to object: 'Object Repository/Not in DBD/Page_Accounts/New Select/input Company level 1'

2020-06-15 13:57:38 - [MESSAGE][PASSED] - Keys 'ENTER + ' sent to object: 'Object Repository/Not in DBD/Page_Accounts/New Select/input Company level 1'

2020-06-15 13:57:38 - [TEST_STEP][PASSED] - click(findTestObject("Not in DBD/Page_Accounts/New Select/JPN")): Object: 'Object Repository/Not in DBD/Page_Accounts/New Select/JPN' is clicked on

2020-06-15 13:57:39 - [MESSAGE][PASSED] - Object: 'Object Repository/Not in DBD/Page_Accounts/New Select/JPN' is clicked on

2020-06-15 13:57:39 - [TEST_STEP][PASSED] - setText(findTestObject("Not in DBD/Page_Accounts/input japanese"), findTestData("D4").getValue(5, 1)): Text 'Yes' is set on object 'Object Repository/Not in DBD/Page_Accounts/input japanese'

2020-06-15 13:57:40 - [MESSAGE][PASSED] - Text 'Yes' is set on object 'Object Repository/Not in DBD/Page_Accounts/input japanese'

2020-06-15 13:57:40 - [TEST_STEP][PASSED] - sendKeys(findTestObject("Not in DBD/Page_Accounts/input japanese"), Keys.chord(ENTER)): Keys 'ENTER + ' sent to object: 'Object Repository/Not in DBD/Page_Accounts/input japanese'

2020-06-15 13:57:40 - [MESSAGE][PASSED] - Keys 'ENTER + ' sent to object: 'Object Repository/Not in DBD/Page_Accounts/input japanese'

2020-06-15 13:57:40 - [TEST_STEP][PASSED] - setText(findTestObject("Not in DBD/Page_Accounts/Purchasing"), findTestData("D4").getValue(6, 1)): Text 'จัดซื้อแยก Localized Purchasing' is set on object 'Object Repository/Not in DBD/Page_Accounts/Purchasing'

2020-06-15 13:57:41 - [MESSAGE][PASSED] - Text 'จัดซื้อแยก Localized Purchasing' is set on object 'Object Repository/Not in DBD/Page_Accounts/Purchasing'

2020-06-15 13:57:41 - [TEST_STEP][PASSED] - setText(findTestObject("Not in DBD/Page_Accounts/Branch ID"), findTestData("D4").getValue(7, 1)): Text '00001' is set on object 'Object Repository/Not in DBD/Page_Accounts/Branch ID'

2020-06-15 13:57:42 - [MESSAGE][PASSED] - Text '00001' is set on object 'Object Repository/Not in DBD/Page_Accounts/Branch ID'

2020-06-15 13:57:42 - [TEST_STEP][PASSED] - click(findTestObject("Not in DBD/Page_Accounts/New Select/Company statusN")): Object: 'Object Repository/Not in DBD/Page_Accounts/New Select/Company statusN' is clicked on

2020-06-15 13:57:43 - [MESSAGE][PASSED] - Object: 'Object Repository/Not in DBD/Page_Accounts/New Select/Company statusN' is clicked on

2020-06-15 13:57:43 - [TEST_STEP][PASSED] - setText(findTestObject("Not in DBD/Page_Accounts/input company status"), findTestData("D4").getValue(8, 1)): Text 'Active' is set on object 'Object Repository/Not in DBD/Page_Accounts/input company status'

2020-06-15 13:57:44 - [MESSAGE][PASSED] - Text 'Active' is set on object 'Object Repository/Not in DBD/Page_Accounts/input company status'

2020-06-15 13:57:44 - [TEST_STEP][PASSED] - sendKeys(findTestObject("Not in DBD/Page_Accounts/input company status"), Keys.chord(ENTER)): Keys 'ENTER + ' sent to object: 'Object Repository/Not in DBD/Page_Accounts/input company status'

2020-06-15 13:57:44 - [MESSAGE][PASSED] - Keys 'ENTER + ' sent to object: 'Object Repository/Not in DBD/Page_Accounts/input company status'

2020-06-15 13:57:44 - [TEST_STEP][PASSED] - setText(findTestObject("Not in DBD/Page_Accounts/Phone"), findTestData("D4").getValue(9, 1)): Text '0945839838' is set on object 'Object Repository/Not in DBD/Page_Accounts/Phone'

2020-06-15 13:57:45 - [MESSAGE][PASSED] - Text '0945839838' is set on object 'Object Repository/Not in DBD/Page_Accounts/Phone'

2020-06-15 13:57:45 - [TEST_STEP][PASSED] - setText(findTestObject("Not in DBD/Page_Accounts/Address"), findTestData("D4").getValue(10, 1)): Text 'Chiang Mai University' is set on object 'Object Repository/Not in DBD/Page_Accounts/Address'

2020-06-15 13:57:46 - [MESSAGE][PASSED] - Text 'Chiang Mai University' is set on object 'Object Repository/Not in DBD/Page_Accounts/Address'

2020-06-15 13:57:46 - [TEST_STEP][PASSED] - click(findTestObject("Not in DBD/Page_Accounts/searchZ")): Object: 'Object Repository/Not in DBD/Page_Accounts/searchZ' is clicked on

2020-06-15 13:57:46 - [MESSAGE][PASSED] - Object: 'Object Repository/Not in DBD/Page_Accounts/searchZ' is clicked on

2020-06-15 13:57:46 - [TEST_STEP][PASSED] - switchToWindowTitle("ZONE"): Switched to window with title: 'ZONE'

2020-06-15 13:57:48 - [MESSAGE][PASSED] - Switched to window with title: 'ZONE'

2020-06-15 13:57:48 - [TEST_STEP][PASSED] - click(findTestObject("Page_ZONE/a_270207")): Object: 'Object Repository/Page_ZONE/a_270207' is clicked on

2020-06-15 13:57:48 - [MESSAGE][PASSED] - Object: 'Object Repository/Page_ZONE/a_270207' is clicked on

2020-06-15 13:57:49 - [TEST_STEP][PASSED] - switchToDefaultContent(): null

2020-06-15 13:57:51 - [TEST_STEP][PASSED] - setText(findTestObject("Not in DBD/Page_Accounts/Tax NO"), findTestData("D4").getValue(12, 1)): Text '0121231234' is set on object 'Object Repository/Not in DBD/Page_Accounts/Tax NO'

2020-06-15 13:57:51 - [MESSAGE][PASSED] - Text '0121231234' is set on object 'Object Repository/Not in DBD/Page_Accounts/Tax NO'

2020-06-15 13:57:51 - [TEST_STEP][PASSED] - click(findTestObject("Not in DBD/Page_Accounts/button_Save")): Object: 'Object Repository/Not in DBD/Page_Accounts/button_Save' is clicked on

2020-06-15 13:57:52 - [MESSAGE][PASSED] - Object: 'Object Repository/Not in DBD/Page_Accounts/button_Save' is clicked on]]></system-out>
         <system-err><![CDATA[]]></system-err>
      </testcase>
      <system-out><![CDATA[2020-06-15 13:57:02 - [TEST_SUITE][PASSED] - Usecase3: Test Cases/Test Case7]]></system-out>
      <system-err><![CDATA[]]></system-err>
   </testsuite>
</testsuites>
